/*C5*/SET SCHEMA PUBLIC
DISCONNECT
/*C7*/SET SCHEMA PUBLIC
DISCONNECT
/*C8*/SET SCHEMA PUBLIC
DISCONNECT
/*C9*/SET SCHEMA PUBLIC
DISCONNECT
/*C10*/SET SCHEMA PUBLIC
DISCONNECT
/*C13*/SET SCHEMA PUBLIC
DELETE FROM TTASKS WHERE ID=40124
DELETE FROM TTASKS WHERE ID=40125
DELETE FROM TTASKS WHERE ID=40126
DELETE FROM TTASKS WHERE ID=40127
DELETE FROM TTASKS WHERE ID=40128
DELETE FROM TTASKS WHERE ID=40129
DELETE FROM TTASKS WHERE ID=40130
DELETE FROM TTASKS WHERE ID=40131
DELETE FROM TTASKS WHERE ID=40132
DELETE FROM TTASKS WHERE ID=40133
DELETE FROM TTASKS WHERE ID=40224
DELETE FROM TTASKS WHERE ID=40225
DELETE FROM TTASKS WHERE ID=40226
DELETE FROM TTASKS WHERE ID=40227
DELETE FROM TTASKS WHERE ID=40228
DELETE FROM TTASKS WHERE ID=40229
DELETE FROM TTASKS WHERE ID=40230
DELETE FROM TTASKS WHERE ID=40231
DELETE FROM TTASKS WHERE ID=40232
DELETE FROM TTASKS WHERE ID=40233
DELETE FROM TTASKS WHERE ID=40324
DELETE FROM TTASKS WHERE ID=40325
DELETE FROM TTASKS WHERE ID=40326
DELETE FROM TTASKS WHERE ID=40327
DELETE FROM TTASKS WHERE ID=40328
DELETE FROM TTASKS WHERE ID=40329
DELETE FROM TTASKS WHERE ID=40330
DELETE FROM TTASKS WHERE ID=40331
DELETE FROM TTASKS WHERE ID=40332
DELETE FROM TTASKS WHERE ID=40333
DELETE FROM TCATEGORIES WHERE ID=4136
DELETE FROM TCATEGORIES WHERE ID=4137
DELETE FROM TCATEGORIES WHERE ID=4138
DELETE FROM TUSERS WHERE ID=1495
COMMIT
/*C14*/SET SCHEMA PUBLIC
DISCONNECT
/*C13*/DISCONNECT
/*C12*/SET SCHEMA PUBLIC
DISCONNECT
/*C11*/SET SCHEMA PUBLIC
DISCONNECT
/*C16*/SET SCHEMA PUBLIC
DISCONNECT
/*C18*/SET SCHEMA PUBLIC
DISCONNECT
/*C17*/SET SCHEMA PUBLIC
DISCONNECT
/*C15*/SET SCHEMA PUBLIC
DISCONNECT
/*C19*/SET SCHEMA PUBLIC
DISCONNECT
/*C6*/SET SCHEMA PUBLIC
DISCONNECT
/*C21*/SET SCHEMA PUBLIC
DISCONNECT
/*C23*/SET SCHEMA PUBLIC
DISCONNECT
/*C22*/SET SCHEMA PUBLIC
DISCONNECT
/*C25*/SET SCHEMA PUBLIC
DISCONNECT
/*C24*/SET SCHEMA PUBLIC
DISCONNECT
/*C27*/SET SCHEMA PUBLIC
DISCONNECT
/*C28*/SET SCHEMA PUBLIC
DISCONNECT
/*C20*/SET SCHEMA PUBLIC
DISCONNECT
/*C26*/SET SCHEMA PUBLIC
DISCONNECT
/*C31*/SET SCHEMA PUBLIC
DISCONNECT
/*C29*/SET SCHEMA PUBLIC
DISCONNECT
/*C30*/SET SCHEMA PUBLIC
DISCONNECT
